07.05.2015 20:48
File path was changed from: E:\Portal\Portal\App_Data\Log\Info\PortalWebLog.log
File path was changed to: E:\Portal\Portal\App_Data\Log\Info\PortalWebLog_07.05.2015.log

07.05.2015 20:48
File path was changed from: E:\Portal\Portal\App_Data\Log\Error\PortalWebErrorLog.log
File path was changed to: E:\Portal\Portal\App_Data\Log\Error\PortalWebErrorLog_07.05.2015.log

07.05.2015 20:48
File path was changed from: E:\Portal\Portal\App_Data\Log\Info\PortalWebLog.log
File path was changed to: E:\Portal\Portal\App_Data\Log\Info\PortalWebLog_07.05.2015.log

07.05.2015 20:48
File path was changed from: E:\Portal\Portal\App_Data\Log\Error\PortalWebErrorLog.log
File path was changed to: E:\Portal\Portal\App_Data\Log\Error\PortalWebErrorLog_07.05.2015.log

07.05.2015 20:51
File path was changed from: E:\Portal\Portal\App_Data\Log\Info\PortalWebLog.log
File path was changed to: E:\Portal\Portal\App_Data\Log\Info\PortalWebLog_07.05.2015.log

07.05.2015 20:51
File path was changed from: E:\Portal\Portal\App_Data\Log\Error\PortalWebErrorLog.log
File path was changed to: E:\Portal\Portal\App_Data\Log\Error\PortalWebErrorLog_07.05.2015.log

07.05.2015 20:51
File path was changed from: E:\Portal\Portal\App_Data\Log\Info\PortalWebLog.log
File path was changed to: E:\Portal\Portal\App_Data\Log\Info\PortalWebLog_07.05.2015.log

07.05.2015 20:51
File path was changed from: E:\Portal\Portal\App_Data\Log\Error\PortalWebErrorLog.log
File path was changed to: E:\Portal\Portal\App_Data\Log\Error\PortalWebErrorLog_07.05.2015.log

07.05.2015 20:52
File path was changed from: E:\Portal\Portal\App_Data\Log\Info\PortalWebLog.log
File path was changed to: E:\Portal\Portal\App_Data\Log\Info\PortalWebLog_07.05.2015.log

07.05.2015 20:52
File path was changed from: E:\Portal\Portal\App_Data\Log\Error\PortalWebErrorLog.log
File path was changed to: E:\Portal\Portal\App_Data\Log\Error\PortalWebErrorLog_07.05.2015.log

07.05.2015 20:55
File path was changed from: E:\Portal\Portal\App_Data\Log\Info\PortalWebLog.log
File path was changed to: E:\Portal\Portal\App_Data\Log\Info\PortalWebLog_07.05.2015.log

07.05.2015 20:55
File path was changed from: E:\Portal\Portal\App_Data\Log\Error\PortalWebErrorLog.log
File path was changed to: E:\Portal\Portal\App_Data\Log\Error\PortalWebErrorLog_07.05.2015.log

07.05.2015 20:57
File path was changed from: E:\Portal\Portal\App_Data\Log\Info\PortalWebLog.log
File path was changed to: E:\Portal\Portal\App_Data\Log\Info\PortalWebLog_07.05.2015.log

07.05.2015 20:57
File path was changed from: E:\Portal\Portal\App_Data\Log\Error\PortalWebErrorLog.log
File path was changed to: E:\Portal\Portal\App_Data\Log\Error\PortalWebErrorLog_07.05.2015.log

07.05.2015 21:22
File path was changed from: E:\Portal\Portal\App_Data\Log\Info\PortalWebLog.log
File path was changed to: E:\Portal\Portal\App_Data\Log\Info\PortalWebLog_07.05.2015.log

07.05.2015 21:22
File path was changed from: E:\Portal\Portal\App_Data\Log\Error\PortalWebErrorLog.log
File path was changed to: E:\Portal\Portal\App_Data\Log\Error\PortalWebErrorLog_07.05.2015.log

07.05.2015 21:23
File path was changed from: E:\Portal\Portal\App_Data\Log\Info\PortalWebLog.log
File path was changed to: E:\Portal\Portal\App_Data\Log\Info\PortalWebLog_07.05.2015.log

07.05.2015 21:23
File path was changed from: E:\Portal\Portal\App_Data\Log\Error\PortalWebErrorLog.log
File path was changed to: E:\Portal\Portal\App_Data\Log\Error\PortalWebErrorLog_07.05.2015.log

07.05.2015 21:23
File path was changed from: E:\Portal\Portal\App_Data\Log\Info\PortalWebLog.log
File path was changed to: E:\Portal\Portal\App_Data\Log\Info\PortalWebLog_07.05.2015.log

07.05.2015 21:23
File path was changed from: E:\Portal\Portal\App_Data\Log\Error\PortalWebErrorLog.log
File path was changed to: E:\Portal\Portal\App_Data\Log\Error\PortalWebErrorLog_07.05.2015.log

